Log file open, 04/21/19 16:53:10
LogWindows: Failed to load 'aqProf.dll' (GetLastError=126)
LogWindows: File 'aqProf.dll' does not exist
LogWindows: Failed to load 'VtuneApi.dll' (GetLastError=126)
LogWindows: File 'VtuneApi.dll' does not exist
LogWindows: Failed to load 'VtuneApi32e.dll' (GetLastError=126)
LogWindows: File 'VtuneApi32e.dll' does not exist
LogConsoleResponse: Display: Failed to find resolution value strings in scalability ini. Falling back to default.
LogInit: Display: Running engine for game: timeNox
LogPakFile: Registered encryption key '00000000000000000000000000000000': 0 pak files mounted, 0 remain pending
LogPlatformFile: Not using cached read wrapper
LogTaskGraph: Started task graph with 5 named threads and 14 total threads with 3 sets of task threads.
LogStats: Stats thread started at 0.151430
LogD3D11RHI: Loaded GFSDK_Aftermath_Lib.x64.dll
LogICUInternationalization: ICU TimeZone Detection - Raw Offset: -8:00, Platform Override: ''
LogPluginManager: Mounting plugin Paper2D
LogPluginManager: Mounting plugin AISupport
LogPluginManager: Mounting plugin LightPropagationVolume
LogPluginManager: Mounting plugin AnimationSharing
LogPluginManager: Mounting plugin AssetManagerEditor
LogPluginManager: Mounting plugin CryptoKeys
LogPluginManager: Mounting plugin FacialAnimation
LogPluginManager: Mounting plugin DatasmithContent
LogPluginManager: Mounting plugin VariantManagerContent
LogPluginManager: Mounting plugin AlembicImporter
LogPluginManager: Mounting plugin AppleImageUtils
LogPluginManager: Mounting plugin AppleVision
LogPluginManager: Mounting plugin BackChannel
LogPluginManager: Mounting plugin CharacterAI
LogPluginManager: Mounting plugin GeometryCache
LogPluginManager: Mounting plugin HTML5Networking
LogPluginManager: Mounting plugin AvfMedia
LogPluginManager: Mounting plugin ImgMedia
LogPluginManager: Mounting plugin LinearTimecode
LogPluginManager: Mounting plugin MediaCompositing
LogPluginManager: Mounting plugin WebMMedia
LogPluginManager: Mounting plugin WmfMedia
LogPluginManager: Mounting plugin TcpMessaging
LogPluginManager: Mounting plugin UdpMessaging
LogPluginManager: Mounting plugin ActorSequence
LogPluginManager: Mounting plugin NetcodeUnitTest
LogPluginManager: Mounting plugin NUTUnrealEngine4
LogPluginManager: Mounting plugin OnlineSubsystem
LogPluginManager: Mounting plugin OnlineSubsystemNull
LogPluginManager: Mounting plugin OnlineSubsystemUtils
LogPluginManager: Mounting plugin LauncherChunkInstaller
LogPluginManager: Mounting plugin AndroidPermission
LogPluginManager: Mounting plugin ArchVisCharacter
LogPluginManager: Mounting plugin AudioCapture
LogPluginManager: Mounting plugin CableComponent
LogPluginManager: Mounting plugin CustomMeshComponent
LogPluginManager: Mounting plugin EditableMesh
LogPluginManager: Mounting plugin ExampleDeviceProfileSelector
LogPluginManager: Mounting plugin LocationServicesBPLibrary
LogPluginManager: Mounting plugin MobilePatchingUtils
LogPluginManager: Mounting plugin OculusVR
LogPluginManager: Mounting plugin PhysXVehicles
LogPluginManager: Mounting plugin ProceduralMeshComponent
LogPluginManager: Mounting plugin RuntimePhysXCooking
LogPluginManager: Mounting plugin SignificanceManager
LogPluginManager: Mounting plugin SteamVR
LogPluginManager: Mounting plugin WebMMoviePlayer
LogPluginManager: Mounting plugin WindowsMoviePlayer
LogInit: Using libcurl 7.55.1-DEV
LogInit:  - built for x86_64-pc-win32
LogInit:  - supports SSL with OpenSSL/1.1.1
LogInit:  - supports HTTP deflate (compression) using libz 1.2.8
LogInit:  - other features:
LogInit:      CURL_VERSION_SSL
LogInit:      CURL_VERSION_LIBZ
LogInit:      CURL_VERSION_IPV6
LogInit:      CURL_VERSION_ASYNCHDNS
LogInit:      CURL_VERSION_LARGEFILE
LogInit:      CURL_VERSION_IDN
LogInit:  CurlRequestOptions (configurable via config and command line):
LogInit:  - bVerifyPeer = true  - Libcurl will verify peer certificate
LogInit:  - bUseHttpProxy = false  - Libcurl will NOT use HTTP proxy
LogInit:  - bDontReuseConnections = false  - Libcurl will reuse connections
LogInit:  - MaxHostConnections = 16  - Libcurl will limit the number of connections to a host
LogInit:  - LocalHostAddr = Default
LogInit:  - BufferSize = 65536
LogInit: WinSock: version 1.1 (2.2), MaxSocks=32767, MaxUdp=65467
LogInit: Build: ++UE4+Release-4.22-CL-5660361
LogInit: Engine Version: 4.22.0-5660361+++UE4+Release-4.22
LogInit: Compatible Engine Version: 4.22.0-5660361+++UE4+Release-4.22
LogInit: Net CL: 5660361
LogInit: OS: Windows 10 (Release 1803) (), CPU: Intel(R) Core(TM) i5-7500 CPU @ 3.40GHz, GPU: NVIDIA GeForce GTX 1050 Ti
LogInit: Compiled (64-bit): Mar 31 2019 02:08:17
LogInit: Compiled with Visual C++: 19.16.27025.01
LogInit: Build Configuration: Development
LogInit: Branch Name: ++UE4+Release-4.22
LogInit: Command Line: 
LogInit: Base Directory: C:/Users/vijay.SILVIA/Documents/Unreal Projects/Package/Timenox/Engine/Binaries/Win64/
LogInit: Installed Engine Build: 0
LogDevObjectVersion: Number of dev versions registered: 23
LogDevObjectVersion:   Dev-Blueprints (B0D832E4-1F89-4F0D-ACCF-7EB736FD4AA2): 10
LogDevObjectVersion:   Dev-Build (E1C64328-A22C-4D53-A36C-8E866417BD8C): 0
LogDevObjectVersion:   Dev-Core (375EC13C-06E4-48FB-B500-84F0262A717E): 3
LogDevObjectVersion:   Dev-Editor (E4B068ED-F494-42E9-A231-DA0B2E46BB41): 30
LogDevObjectVersion:   Dev-Framework (CFFC743F-43B0-4480-9391-14DF171D2073): 35
LogDevObjectVersion:   Dev-Mobile (B02B49B5-BB20-44E9-A304-32B752E40360): 2
LogDevObjectVersion:   Dev-Networking (A4E4105C-59A1-49B5-A7C5-40C4547EDFEE): 0
LogDevObjectVersion:   Dev-Online (39C831C9-5AE6-47DC-9A44-9C173E1C8E7C): 0
LogDevObjectVersion:   Dev-Physics (78F01B33-EBEA-4F98-B9B4-84EACCB95AA2): 0
LogDevObjectVersion:   Dev-Platform (6631380F-2D4D-43E0-8009-CF276956A95A): 0
LogDevObjectVersion:   Dev-Rendering (12F88B9F-8875-4AFC-A67C-D90C383ABD29): 28
LogDevObjectVersion:   Dev-Sequencer (7B5AE74C-D270-4C10-A958-57980B212A5A): 11
LogDevObjectVersion:   Dev-VR (D7296918-1DD6-4BDD-9DE2-64A83CC13884): 2
LogDevObjectVersion:   Dev-LoadTimes (C2A15278-BFE7-4AFE-6C17-90FF531DF755): 1
LogDevObjectVersion:   Private-Geometry (6EACA3D4-40EC-4CC1-B786-8BED09428FC5): 3
LogDevObjectVersion:   Dev-AnimPhys (29E575DD-E0A3-4627-9D10-D276232CDCEA): 17
LogDevObjectVersion:   Dev-Anim (AF43A65D-7FD3-4947-9873-3E8ED9C1BB05): 2
LogDevObjectVersion:   Dev-ReflectionCapture (6B266CEC-1EC7-4B8F-A30B-E4D90942FC07): 1
LogDevObjectVersion:   Dev-Automation (0DF73D61-A23F-47EA-B727-89E90C41499A): 1
LogDevObjectVersion:   FortniteMain (601D1886-AC64-4F84-AA16-D3DE0DEAC7D6): 25
LogDevObjectVersion:   Dev-Enterprise (9DFFBCD6-494F-0158-E221-12823C92A888): 6
LogDevObjectVersion:   Dev-Niagara (F2AED0AC-9AFE-416F-8664-AA7FFA26D6FC): 1
LogDevObjectVersion:   Dev-Destruction (174F1F0B-B4C6-45A5-B13F-2EE8D0FB917D): 2
LogInit: Presizing for max 2097152 objects, including 1 objects not considered by GC, pre-allocating 0 bytes for permanent pool.
LogStreaming: Display: Async Loading initialized: Event Driven Loader: true, Async Loading Thread: false, Async Post Load: true
LogInit: Object subsystem initialized
LogConfig: Setting CVar [[con.DebugEarlyDefault:1]]
LogConfig: Setting CVar [[r.setres:1280x720]]
[2019.04.21-23.53.10:328][  0]LogConfig: Setting CVar [[con.DebugEarlyDefault:1]]
[2019.04.21-23.53.10:328][  0]LogConfig: Setting CVar [[r.setres:1280x720]]
[2019.04.21-23.53.10:328][  0]LogConfig: Applying CVar settings from Section [/Script/Engine.RendererSettings] File [../../../timeNox/Saved/Config/WindowsNoEditor/Engine.ini]
[2019.04.21-23.53.10:329][  0]LogConfig: Setting CVar [[r.GPUCrashDebugging:0]]
[2019.04.21-23.53.10:329][  0]LogConfig: Setting CVar [[r.DefaultFeature.AutoExposure.ExtendDefaultLuminanceRange:1]]
[2019.04.21-23.53.10:329][  0]LogConfig: Setting CVar [[r.SkinCache.CompileShaders:1]]
[2019.04.21-23.53.10:329][  0]LogConfig: Setting CVar [[r.RayTracing:1]]
[2019.04.21-23.53.10:329][  0]LogConfig: Setting CVar [[r.DefaultFeature.AutoExposure:1]]
[2019.04.21-23.53.10:329][  0]LogConfig: Applying CVar settings from Section [/Script/Engine.RendererOverrideSettings] File [../../../timeNox/Saved/Config/WindowsNoEditor/Engine.ini]
[2019.04.21-23.53.10:329][  0]LogConfig: Applying CVar settings from Section [/Script/Engine.StreamingSettings] File [../../../timeNox/Saved/Config/WindowsNoEditor/Engine.ini]
[2019.04.21-23.53.10:329][  0]LogConfig: Setting CVar [[s.MinBulkDataSizeForAsyncLoading:131072]]
[2019.04.21-23.53.10:329][  0]LogConfig: Setting CVar [[s.AsyncLoadingThreadEnabled:0]]
[2019.04.21-23.53.10:329][  0]LogConfig: Setting CVar [[s.EventDrivenLoaderEnabled:1]]
[2019.04.21-23.53.10:329][  0]LogConfig: Setting CVar [[s.WarnIfTimeLimitExceeded:0]]
[2019.04.21-23.53.10:329][  0]LogConfig: Setting CVar [[s.TimeLimitExceededMultiplier:1.5]]
[2019.04.21-23.53.10:329][  0]LogConfig: Setting CVar [[s.TimeLimitExceededMinTime:0.005]]
[2019.04.21-23.53.10:329][  0]LogConfig: Setting CVar [[s.UseBackgroundLevelStreaming:1]]
[2019.04.21-23.53.10:329][  0]LogConfig: Setting CVar [[s.PriorityAsyncLoadingExtraTime:15.0]]
[2019.04.21-23.53.10:329][  0]LogConfig: Setting CVar [[s.LevelStreamingActorsUpdateTimeLimit:5.0]]
[2019.04.21-23.53.10:329][  0]LogConfig: Setting CVar [[s.PriorityLevelStreamingActorsUpdateExtraTime:5.0]]
[2019.04.21-23.53.10:329][  0]LogConfig: Setting CVar [[s.LevelStreamingComponentsRegistrationGranularity:10]]
[2019.04.21-23.53.10:329][  0]LogConfig: Setting CVar [[s.UnregisterComponentsTimeLimit:1.0]]
[2019.04.21-23.53.10:329][  0]LogConfig: Setting CVar [[s.LevelStreamingComponentsUnregistrationGranularity:5]]
[2019.04.21-23.53.10:329][  0]LogConfig: Applying CVar settings from Section [/Script/Engine.GarbageCollectionSettings] File [../../../timeNox/Saved/Config/WindowsNoEditor/Engine.ini]
[2019.04.21-23.53.10:329][  0]LogConfig: Setting CVar [[gc.MaxObjectsNotConsideredByGC:1]]
[2019.04.21-23.53.10:329][  0]LogConfig: Setting CVar [[gc.SizeOfPermanentObjectPool:0]]
[2019.04.21-23.53.10:329][  0]LogConfig: Setting CVar [[gc.FlushStreamingOnGC:0]]
[2019.04.21-23.53.10:329][  0]LogConfig: Setting CVar [[gc.NumRetriesBeforeForcingGC:10]]
[2019.04.21-23.53.10:329][  0]LogConfig: Setting CVar [[gc.AllowParallelGC:1]]
[2019.04.21-23.53.10:329][  0]LogConfig: Setting CVar [[gc.TimeBetweenPurgingPendingKillObjects:61.1]]
[2019.04.21-23.53.10:329][  0]LogConfig: Setting CVar [[gc.MaxObjectsInEditor:16777216]]
[2019.04.21-23.53.10:329][  0]LogConfig: Setting CVar [[gc.IncrementalBeginDestroyEnabled:1]]
[2019.04.21-23.53.10:329][  0]LogConfig: Setting CVar [[gc.CreateGCClusters:1]]
[2019.04.21-23.53.10:329][  0]LogConfig: Setting CVar [[gc.MinGCClusterSize:5]]
[2019.04.21-23.53.10:329][  0]LogConfig: Setting CVar [[gc.ActorClusteringEnabled:0]]
[2019.04.21-23.53.10:329][  0]LogConfig: Setting CVar [[gc.BlueprintClusteringEnabled:0]]
[2019.04.21-23.53.10:329][  0]LogConfig: Setting CVar [[gc.UseDisregardForGCOnDedicatedServers:0]]
[2019.04.21-23.53.10:329][  0]LogConfig: Applying CVar settings from Section [/Script/Engine.NetworkSettings] File [../../../timeNox/Saved/Config/WindowsNoEditor/Engine.ini]
[2019.04.21-23.53.10:334][  0]LogConfig: Applying CVar settings from Section [ViewDistanceQuality@3] File [../../../timeNox/Saved/Config/WindowsNoEditor/Scalability.ini]
[2019.04.21-23.53.10:334][  0]LogConfig: Setting CVar [[r.SkeletalMeshLODBias:0]]
[2019.04.21-23.53.10:334][  0]LogConfig: Setting CVar [[r.ViewDistanceScale:1.0]]
[2019.04.21-23.53.10:334][  0]LogConfig: Applying CVar settings from Section [AntiAliasingQuality@3] File [../../../timeNox/Saved/Config/WindowsNoEditor/Scalability.ini]
[2019.04.21-23.53.10:334][  0]LogConfig: Setting CVar [[r.PostProcessAAQuality:4]]
[2019.04.21-23.53.10:334][  0]LogConfig: Applying CVar settings from Section [ShadowQuality@3] File [../../../timeNox/Saved/Config/WindowsNoEditor/Scalability.ini]
[2019.04.21-23.53.10:334][  0]LogConfig: Setting CVar [[r.LightFunctionQuality:1]]
[2019.04.21-23.53.10:334][  0]LogConfig: Setting CVar [[r.ShadowQuality:5]]
[2019.04.21-23.53.10:334][  0]LogConfig: Setting CVar [[r.Shadow.CSM.MaxCascades:10]]
[2019.04.21-23.53.10:334][  0]LogConfig: Setting CVar [[r.Shadow.MaxResolution:2048]]
[2019.04.21-23.53.10:334][  0]LogConfig: Setting CVar [[r.Shadow.MaxCSMResolution:2048]]
[2019.04.21-23.53.10:334][  0]LogConfig: Setting CVar [[r.Shadow.RadiusThreshold:0.01]]
[2019.04.21-23.53.10:334][  0]LogConfig: Setting CVar [[r.Shadow.DistanceScale:1.0]]
[2019.04.21-23.53.10:334][  0]LogConfig: Setting CVar [[r.Shadow.CSM.TransitionScale:1.0]]
[2019.04.21-23.53.10:334][  0]LogConfig: Setting CVar [[r.Shadow.PreShadowResolutionFactor:1.0]]
[2019.04.21-23.53.10:334][  0]LogConfig: Setting CVar [[r.DistanceFieldShadowing:1]]
[2019.04.21-23.53.10:334][  0]LogConfig: Setting CVar [[r.DistanceFieldAO:1]]
[2019.04.21-23.53.10:334][  0]LogConfig: Setting CVar [[r.AOQuality:2]]
[2019.04.21-23.53.10:334][  0]LogConfig: Setting CVar [[r.VolumetricFog:1]]
[2019.04.21-23.53.10:334][  0]LogConfig: Setting CVar [[r.VolumetricFog.GridPixelSize:8]]
[2019.04.21-23.53.10:334][  0]LogConfig: Setting CVar [[r.VolumetricFog.GridSizeZ:128]]
[2019.04.21-23.53.10:334][  0]LogConfig: Setting CVar [[r.VolumetricFog.HistoryMissSupersampleCount:4]]
[2019.04.21-23.53.10:334][  0]LogConfig: Setting CVar [[r.LightMaxDrawDistanceScale:1]]
[2019.04.21-23.53.10:334][  0]LogConfig: Setting CVar [[r.CapsuleShadows:1]]
[2019.04.21-23.53.10:335][  0]LogConfig: Applying CVar settings from Section [PostProcessQuality@3] File [../../../timeNox/Saved/Config/WindowsNoEditor/Scalability.ini]
[2019.04.21-23.53.10:335][  0]LogConfig: Setting CVar [[r.MotionBlurQuality:4]]
[2019.04.21-23.53.10:335][  0]LogConfig: Setting CVar [[r.AmbientOcclusionMipLevelFactor:0.4]]
[2019.04.21-23.53.10:335][  0]LogConfig: Setting CVar [[r.AmbientOcclusionMaxQuality:100]]
[2019.04.21-23.53.10:335][  0]LogConfig: Setting CVar [[r.AmbientOcclusionLevels:-1]]
[2019.04.21-23.53.10:335][  0]LogConfig: Setting CVar [[r.AmbientOcclusionRadiusScale:1.0]]
[2019.04.21-23.53.10:335][  0]LogConfig: Setting CVar [[r.DepthOfFieldQuality:2]]
[2019.04.21-23.53.10:335][  0]LogConfig: Setting CVar [[r.RenderTargetPoolMin:400]]
[2019.04.21-23.53.10:335][  0]LogConfig: Setting CVar [[r.LensFlareQuality:2]]
[2019.04.21-23.53.10:335][  0]LogConfig: Setting CVar [[r.SceneColorFringeQuality:1]]
[2019.04.21-23.53.10:335][  0]LogConfig: Setting CVar [[r.EyeAdaptationQuality:2]]
[2019.04.21-23.53.10:335][  0]LogConfig: Setting CVar [[r.BloomQuality:5]]
[2019.04.21-23.53.10:335][  0]LogConfig: Setting CVar [[r.FastBlurThreshold:100]]
[2019.04.21-23.53.10:335][  0]LogConfig: Setting CVar [[r.Upscale.Quality:3]]
[2019.04.21-23.53.10:335][  0]LogConfig: Setting CVar [[r.Tonemapper.GrainQuantization:1]]
[2019.04.21-23.53.10:335][  0]LogConfig: Setting CVar [[r.LightShaftQuality:1]]
[2019.04.21-23.53.10:335][  0]LogConfig: Setting CVar [[r.Filter.SizeScale:1]]
[2019.04.21-23.53.10:335][  0]LogConfig: Setting CVar [[r.Tonemapper.Quality:5]]
[2019.04.21-23.53.10:335][  0]LogConfig: Setting CVar [[r.DOF.Gather.AccumulatorQuality:1        ; higher gathering accumulator quality]]
[2019.04.21-23.53.10:335][  0]LogConfig: Setting CVar [[r.DOF.Gather.PostfilterMethod:1          ; Median3x3 postfilering method]]
[2019.04.21-23.53.10:335][  0]LogConfig: Setting CVar [[r.DOF.Gather.EnableBokehSettings:0       ; no bokeh simulation when gathering]]
[2019.04.21-23.53.10:335][  0]LogConfig: Setting CVar [[r.DOF.Gather.RingCount:4                 ; medium number of samples when gathering]]
[2019.04.21-23.53.10:335][  0]LogConfig: Setting CVar [[r.DOF.Scatter.ForegroundCompositing:1    ; additive foreground scattering]]
[2019.04.21-23.53.10:335][  0]LogConfig: Setting CVar [[r.DOF.Scatter.BackgroundCompositing:2    ; additive background scattering]]
[2019.04.21-23.53.10:335][  0]LogConfig: Setting CVar [[r.DOF.Scatter.EnableBokehSettings:1      ; bokeh simulation when scattering]]
[2019.04.21-23.53.10:335][  0]LogConfig: Setting CVar [[r.DOF.Scatter.MaxSpriteRatio:0.1         ; only a maximum of 10% of scattered bokeh]]
[2019.04.21-23.53.10:335][  0]LogConfig: Setting CVar [[r.DOF.Recombine.Quality:1                ; cheap slight out of focus]]
[2019.04.21-23.53.10:335][  0]LogConfig: Setting CVar [[r.DOF.Recombine.EnableBokehSettings:0    ; no bokeh simulation on slight out of focus]]
[2019.04.21-23.53.10:335][  0]LogConfig: Setting CVar [[r.DOF.TemporalAAQuality:1                ; more stable temporal accumulation]]
[2019.04.21-23.53.10:335][  0]LogConfig: Setting CVar [[r.DOF.Kernel.MaxForegroundRadius:0.025]]
[2019.04.21-23.53.10:335][  0]LogConfig: Setting CVar [[r.DOF.Kernel.MaxBackgroundRadius:0.025]]
[2019.04.21-23.53.10:335][  0]LogConfig: Applying CVar settings from Section [TextureQuality@3] File [../../../timeNox/Saved/Config/WindowsNoEditor/Scalability.ini]
[2019.04.21-23.53.10:335][  0]LogConfig: Setting CVar [[r.Streaming.MipBias:0]]
[2019.04.21-23.53.10:335][  0]LogConfig: Setting CVar [[r.Streaming.AmortizeCPUToGPUCopy:0]]
[2019.04.21-23.53.10:335][  0]LogConfig: Setting CVar [[r.Streaming.MaxNumTexturesToStreamPerFrame:0]]
[2019.04.21-23.53.10:335][  0]LogConfig: Setting CVar [[r.Streaming.Boost:1]]
[2019.04.21-23.53.10:335][  0]LogConfig: Setting CVar [[r.MaxAnisotropy:8]]
[2019.04.21-23.53.10:335][  0]LogConfig: Setting CVar [[r.Streaming.LimitPoolSizeToVRAM:0]]
[2019.04.21-23.53.10:335][  0]LogConfig: Setting CVar [[r.Streaming.PoolSize:1000]]
[2019.04.21-23.53.10:335][  0]LogConfig: Setting CVar [[r.Streaming.MaxEffectiveScreenSize:0]]
[2019.04.21-23.53.10:335][  0]LogConfig: Applying CVar settings from Section [EffectsQuality@3] File [../../../timeNox/Saved/Config/WindowsNoEditor/Scalability.ini]
[2019.04.21-23.53.10:335][  0]LogConfig: Setting CVar [[r.TranslucencyLightingVolumeDim:64]]
[2019.04.21-23.53.10:335][  0]LogConfig: Setting CVar [[r.RefractionQuality:2]]
[2019.04.21-23.53.10:335][  0]LogConfig: Setting CVar [[r.SSR.Quality:3]]
[2019.04.21-23.53.10:335][  0]LogConfig: Setting CVar [[r.SceneColorFormat:4]]
[2019.04.21-23.53.10:335][  0]LogConfig: Setting CVar [[r.DetailMode:2]]
[2019.04.21-23.53.10:335][  0]LogConfig: Setting CVar [[r.TranslucencyVolumeBlur:1]]
[2019.04.21-23.53.10:335][  0]LogConfig: Setting CVar [[r.MaterialQualityLevel:1 ; High quality]]
[2019.04.21-23.53.10:335][  0]LogConfig: Setting CVar [[r.SSS.Scale:1]]
[2019.04.21-23.53.10:335][  0]LogConfig: Setting CVar [[r.SSS.SampleSet:2]]
[2019.04.21-23.53.10:335][  0]LogConfig: Setting CVar [[r.SSS.Quality:1]]
[2019.04.21-23.53.10:335][  0]LogConfig: Setting CVar [[r.SSS.HalfRes:1]]
[2019.04.21-23.53.10:335][  0]LogConfig: Setting CVar [[r.EmitterSpawnRateScale:1.0]]
[2019.04.21-23.53.10:335][  0]LogConfig: Setting CVar [[r.ParticleLightQuality:2]]
[2019.04.21-23.53.10:335][  0]LogConfig: Applying CVar settings from Section [FoliageQuality@3] File [../../../timeNox/Saved/Config/WindowsNoEditor/Scalability.ini]
[2019.04.21-23.53.10:335][  0]LogConfig: Setting CVar [[foliage.DensityScale:1.0]]
[2019.04.21-23.53.10:335][  0]LogConfig: Setting CVar [[grass.DensityScale:1.0]]
[2019.04.21-23.53.10:335][  0]LogInit: Selected Device Profile: [WindowsNoEditor]
[2019.04.21-23.53.10:335][  0]LogInit: Applying CVar settings loaded from the selected device profile: [WindowsNoEditor]
[2019.04.21-23.53.10:340][  0]LogHAL: Display: Platform has ~ 8 GB [8524685312 / 8589934592 / 8], which maps to Default [LargestMinGB=32, LargerMinGB=12, DefaultMinGB=8, SmallerMinGB=6, SmallestMinGB=0)
[2019.04.21-23.53.10:341][  0]LogInit: Going up to parent DeviceProfile [Windows]
[2019.04.21-23.53.10:341][  0]LogConfig: Setting CVar [[r.Vulkan.UseRealUBs:0		; Required until we fix HLR fall-out]]
[2019.04.21-23.53.10:341][  0]LogInit: Going up to parent DeviceProfile []
[2019.04.21-23.53.10:341][  0]LogConfig: Applying CVar settings from Section [ViewDistanceQuality@3] File [../../../timeNox/Saved/Config/WindowsNoEditor/Scalability.ini]
[2019.04.21-23.53.10:341][  0]LogConfig: Setting CVar [[r.SkeletalMeshLODBias:0]]
[2019.04.21-23.53.10:341][  0]LogConfig: Setting CVar [[r.ViewDistanceScale:1.0]]
[2019.04.21-23.53.10:341][  0]LogConfig: Applying CVar settings from Section [AntiAliasingQuality@3] File [../../../timeNox/Saved/Config/WindowsNoEditor/Scalability.ini]
[2019.04.21-23.53.10:341][  0]LogConfig: Setting CVar [[r.PostProcessAAQuality:4]]
[2019.04.21-23.53.10:341][  0]LogConfig: Applying CVar settings from Section [ShadowQuality@3] File [../../../timeNox/Saved/Config/WindowsNoEditor/Scalability.ini]
[2019.04.21-23.53.10:341][  0]LogConfig: Setting CVar [[r.LightFunctionQuality:1]]
[2019.04.21-23.53.10:341][  0]LogConfig: Setting CVar [[r.ShadowQuality:5]]
[2019.04.21-23.53.10:341][  0]LogConfig: Setting CVar [[r.Shadow.CSM.MaxCascades:10]]
[2019.04.21-23.53.10:341][  0]LogConfig: Setting CVar [[r.Shadow.MaxResolution:2048]]
[2019.04.21-23.53.10:341][  0]LogConfig: Setting CVar [[r.Shadow.MaxCSMResolution:2048]]
[2019.04.21-23.53.10:341][  0]LogConfig: Setting CVar [[r.Shadow.RadiusThreshold:0.01]]
[2019.04.21-23.53.10:341][  0]LogConfig: Setting CVar [[r.Shadow.DistanceScale:1.0]]
[2019.04.21-23.53.10:341][  0]LogConfig: Setting CVar [[r.Shadow.CSM.TransitionScale:1.0]]
[2019.04.21-23.53.10:341][  0]LogConfig: Setting CVar [[r.Shadow.PreShadowResolutionFactor:1.0]]
[2019.04.21-23.53.10:341][  0]LogConfig: Setting CVar [[r.DistanceFieldShadowing:1]]
[2019.04.21-23.53.10:341][  0]LogConfig: Setting CVar [[r.DistanceFieldAO:1]]
[2019.04.21-23.53.10:341][  0]LogConfig: Setting CVar [[r.AOQuality:2]]
[2019.04.21-23.53.10:341][  0]LogConfig: Setting CVar [[r.VolumetricFog:1]]
[2019.04.21-23.53.10:341][  0]LogConfig: Setting CVar [[r.VolumetricFog.GridPixelSize:8]]
[2019.04.21-23.53.10:341][  0]LogConfig: Setting CVar [[r.VolumetricFog.GridSizeZ:128]]
[2019.04.21-23.53.10:341][  0]LogConfig: Setting CVar [[r.VolumetricFog.HistoryMissSupersampleCount:4]]
[2019.04.21-23.53.10:341][  0]LogConfig: Setting CVar [[r.LightMaxDrawDistanceScale:1]]
[2019.04.21-23.53.10:341][  0]LogConfig: Setting CVar [[r.CapsuleShadows:1]]
[2019.04.21-23.53.10:341][  0]LogConfig: Applying CVar settings from Section [PostProcessQuality@3] File [../../../timeNox/Saved/Config/WindowsNoEditor/Scalability.ini]
[2019.04.21-23.53.10:341][  0]LogConfig: Setting CVar [[r.MotionBlurQuality:4]]
[2019.04.21-23.53.10:341][  0]LogConfig: Setting CVar [[r.AmbientOcclusionMipLevelFactor:0.4]]
[2019.04.21-23.53.10:341][  0]LogConfig: Setting CVar [[r.AmbientOcclusionMaxQuality:100]]
[2019.04.21-23.53.10:341][  0]LogConfig: Setting CVar [[r.AmbientOcclusionLevels:-1]]
[2019.04.21-23.53.10:341][  0]LogConfig: Setting CVar [[r.AmbientOcclusionRadiusScale:1.0]]
[2019.04.21-23.53.10:341][  0]LogConfig: Setting CVar [[r.DepthOfFieldQuality:2]]
[2019.04.21-23.53.10:341][  0]LogConfig: Setting CVar [[r.RenderTargetPoolMin:400]]
[2019.04.21-23.53.10:341][  0]LogConfig: Setting CVar [[r.LensFlareQuality:2]]
[2019.04.21-23.53.10:341][  0]LogConfig: Setting CVar [[r.SceneColorFringeQuality:1]]
[2019.04.21-23.53.10:341][  0]LogConfig: Setting CVar [[r.EyeAdaptationQuality:2]]
[2019.04.21-23.53.10:341][  0]LogConfig: Setting CVar [[r.BloomQuality:5]]
[2019.04.21-23.53.10:341][  0]LogConfig: Setting CVar [[r.FastBlurThreshold:100]]
[2019.04.21-23.53.10:341][  0]LogConfig: Setting CVar [[r.Upscale.Quality:3]]
[2019.04.21-23.53.10:341][  0]LogConfig: Setting CVar [[r.Tonemapper.GrainQuantization:1]]
[2019.04.21-23.53.10:341][  0]LogConfig: Setting CVar [[r.LightShaftQuality:1]]
[2019.04.21-23.53.10:341][  0]LogConfig: Setting CVar [[r.Filter.SizeScale:1]]
[2019.04.21-23.53.10:341][  0]LogConfig: Setting CVar [[r.Tonemapper.Quality:5]]
[2019.04.21-23.53.10:341][  0]LogConfig: Setting CVar [[r.DOF.Gather.AccumulatorQuality:1        ; higher gathering accumulator quality]]
[2019.04.21-23.53.10:341][  0]LogConfig: Setting CVar [[r.DOF.Gather.PostfilterMethod:1          ; Median3x3 postfilering method]]
[2019.04.21-23.53.10:341][  0]LogConfig: Setting CVar [[r.DOF.Gather.EnableBokehSettings:0       ; no bokeh simulation when gathering]]
[2019.04.21-23.53.10:341][  0]LogConfig: Setting CVar [[r.DOF.Gather.RingCount:4                 ; medium number of samples when gathering]]
[2019.04.21-23.53.10:341][  0]LogConfig: Setting CVar [[r.DOF.Scatter.ForegroundCompositing:1    ; additive foreground scattering]]
[2019.04.21-23.53.10:341][  0]LogConfig: Setting CVar [[r.DOF.Scatter.BackgroundCompositing:2    ; additive background scattering]]
[2019.04.21-23.53.10:341][  0]LogConfig: Setting CVar [[r.DOF.Scatter.EnableBokehSettings:1      ; bokeh simulation when scattering]]
[2019.04.21-23.53.10:341][  0]LogConfig: Setting CVar [[r.DOF.Scatter.MaxSpriteRatio:0.1         ; only a maximum of 10% of scattered bokeh]]
[2019.04.21-23.53.10:341][  0]LogConfig: Setting CVar [[r.DOF.Recombine.Quality:1                ; cheap slight out of focus]]
[2019.04.21-23.53.10:341][  0]LogConfig: Setting CVar [[r.DOF.Recombine.EnableBokehSettings:0    ; no bokeh simulation on slight out of focus]]
[2019.04.21-23.53.10:341][  0]LogConfig: Setting CVar [[r.DOF.TemporalAAQuality:1                ; more stable temporal accumulation]]
[2019.04.21-23.53.10:341][  0]LogConfig: Setting CVar [[r.DOF.Kernel.MaxForegroundRadius:0.025]]
[2019.04.21-23.53.10:341][  0]LogConfig: Setting CVar [[r.DOF.Kernel.MaxBackgroundRadius:0.025]]
[2019.04.21-23.53.10:341][  0]LogConfig: Applying CVar settings from Section [TextureQuality@3] File [../../../timeNox/Saved/Config/WindowsNoEditor/Scalability.ini]
[2019.04.21-23.53.10:341][  0]LogConfig: Setting CVar [[r.Streaming.MipBias:0]]
[2019.04.21-23.53.10:341][  0]LogConfig: Setting CVar [[r.Streaming.AmortizeCPUToGPUCopy:0]]
[2019.04.21-23.53.10:341][  0]LogConfig: Setting CVar [[r.Streaming.MaxNumTexturesToStreamPerFrame:0]]
[2019.04.21-23.53.10:341][  0]LogConfig: Setting CVar [[r.Streaming.Boost:1]]
[2019.04.21-23.53.10:341][  0]LogConfig: Setting CVar [[r.MaxAnisotropy:8]]
[2019.04.21-23.53.10:341][  0]LogConfig: Setting CVar [[r.Streaming.LimitPoolSizeToVRAM:0]]
[2019.04.21-23.53.10:341][  0]LogConfig: Setting CVar [[r.Streaming.PoolSize:1000]]
[2019.04.21-23.53.10:341][  0]LogConfig: Setting CVar [[r.Streaming.MaxEffectiveScreenSize:0]]
[2019.04.21-23.53.10:341][  0]LogConfig: Applying CVar settings from Section [EffectsQuality@3] File [../../../timeNox/Saved/Config/WindowsNoEditor/Scalability.ini]
[2019.04.21-23.53.10:341][  0]LogConfig: Setting CVar [[r.TranslucencyLightingVolumeDim:64]]
[2019.04.21-23.53.10:341][  0]LogConfig: Setting CVar [[r.RefractionQuality:2]]
[2019.04.21-23.53.10:341][  0]LogConfig: Setting CVar [[r.SSR.Quality:3]]
[2019.04.21-23.53.10:341][  0]LogConfig: Setting CVar [[r.SceneColorFormat:4]]
[2019.04.21-23.53.10:341][  0]LogConfig: Setting CVar [[r.DetailMode:2]]
[2019.04.21-23.53.10:341][  0]LogConfig: Setting CVar [[r.TranslucencyVolumeBlur:1]]
[2019.04.21-23.53.10:341][  0]LogConfig: Setting CVar [[r.MaterialQualityLevel:1 ; High quality]]
[2019.04.21-23.53.10:341][  0]LogConfig: Setting CVar [[r.SSS.Scale:1]]
[2019.04.21-23.53.10:341][  0]LogConfig: Setting CVar [[r.SSS.SampleSet:2]]
[2019.04.21-23.53.10:341][  0]LogConfig: Setting CVar [[r.SSS.Quality:1]]
[2019.04.21-23.53.10:341][  0]LogConfig: Setting CVar [[r.SSS.HalfRes:1]]
[2019.04.21-23.53.10:341][  0]LogConfig: Setting CVar [[r.EmitterSpawnRateScale:1.0]]
[2019.04.21-23.53.10:341][  0]LogConfig: Setting CVar [[r.ParticleLightQuality:2]]
[2019.04.21-23.53.10:342][  0]LogConfig: Applying CVar settings from Section [FoliageQuality@3] File [../../../timeNox/Saved/Config/WindowsNoEditor/Scalability.ini]
[2019.04.21-23.53.10:342][  0]LogConfig: Setting CVar [[foliage.DensityScale:1.0]]
[2019.04.21-23.53.10:342][  0]LogConfig: Setting CVar [[grass.DensityScale:1.0]]
[2019.04.21-23.53.10:342][  0]LogConfig: Applying CVar settings from Section [Startup] File [../../../Engine/Config/ConsoleVariables.ini]
[2019.04.21-23.53.10:342][  0]LogConfig: Setting CVar [[net.UseAdaptiveNetUpdateFrequency:0]]
[2019.04.21-23.53.10:342][  0]LogConfig: Setting CVar [[p.chaos.AllowCreatePhysxBodies:1]]
[2019.04.21-23.53.10:342][  0]LogConfig: Applying CVar settings from Section [ConsoleVariables] File [../../../timeNox/Saved/Config/WindowsNoEditor/Engine.ini]
[2019.04.21-23.53.10:342][  0]LogInit: Computer: SILVIA
[2019.04.21-23.53.10:342][  0]LogInit: User: vijay
[2019.04.21-23.53.10:342][  0]LogInit: CPU Page size=4096, Cores=4
[2019.04.21-23.53.10:342][  0]LogInit: High frequency timer resolution =3.328124 MHz
[2019.04.21-23.53.10:342][  0]LogMemory: Memory total: Physical=7.9GB (8GB approx)
[2019.04.21-23.53.10:342][  0]LogMemory: Platform Memory Stats for WindowsNoEditor
[2019.04.21-23.53.10:342][  0]LogMemory: Process Physical Memory: 51.97 MB used, 51.97 MB peak
[2019.04.21-23.53.10:342][  0]LogMemory: Process Virtual Memory: 64.54 MB used, 64.54 MB peak
[2019.04.21-23.53.10:342][  0]LogMemory: Physical Memory: 3829.59 MB used,  4300.18 MB free, 8129.77 MB total
[2019.04.21-23.53.10:342][  0]LogMemory: Virtual Memory: 4442.32 MB used,  134213288.00 MB free, 134217728.00 MB total
[2019.04.21-23.53.10:529][  0]LogInit: Using OS detected language (en-US).
[2019.04.21-23.53.10:529][  0]LogInit: Using OS detected locale (en-US).
[2019.04.21-23.53.10:530][  0]LogTextLocalizationManager: No specific localization for 'en-US' exists, so the 'en' localization will be used.
[2019.04.21-23.53.10:587][  0]LogSlate: New Slate User Created.  User Index 0, Is Virtual User: 0
[2019.04.21-23.53.10:587][  0]LogSlate: Slate User Registered.  User Index 0, Is Virtual User: 0
[2019.04.21-23.53.10:601][  0]LogHMD: Failed to initialize OpenVR with code 110
[2019.04.21-23.53.10:601][  0]LogD3D11RHI: D3D11 adapters:
[2019.04.21-23.53.10:725][  0]LogD3D11RHI:    0. 'NVIDIA GeForce GTX 1050 Ti' (Feature Level 11_0)
[2019.04.21-23.53.10:725][  0]LogD3D11RHI:       4018/0/4064 MB DedicatedVideo/DedicatedSystem/SharedSystem, Outputs:1, VendorId:0x10de
[2019.04.21-23.53.10:728][  0]LogD3D11RHI:    1. 'Microsoft Basic Render Driver' (Feature Level 11_0)
[2019.04.21-23.53.10:728][  0]LogD3D11RHI:       0/0/4064 MB DedicatedVideo/DedicatedSystem/SharedSystem, Outputs:0, VendorId:0x1414
[2019.04.21-23.53.10:728][  0]LogD3D11RHI: Chosen D3D11 Adapter: 0
[2019.04.21-23.53.10:732][  0]LogD3D11RHI: Creating new Direct3DDevice
[2019.04.21-23.53.10:732][  0]LogD3D11RHI:     GPU DeviceId: 0x1c82 (for the marketing name, search the web for "GPU Device Id")
[2019.04.21-23.53.10:732][  0]LogWindows: EnumDisplayDevices:
[2019.04.21-23.53.10:733][  0]LogWindows:    0. 'NVIDIA GeForce GTX 1050 Ti' (P:1 D:1)
[2019.04.21-23.53.10:733][  0]LogWindows:    1. 'NVIDIA GeForce GTX 1050 Ti' (P:0 D:0)
[2019.04.21-23.53.10:733][  0]LogWindows:    2. 'NVIDIA GeForce GTX 1050 Ti' (P:0 D:0)
[2019.04.21-23.53.10:734][  0]LogWindows:    3. 'NVIDIA GeForce GTX 1050 Ti' (P:0 D:0)
[2019.04.21-23.53.10:734][  0]LogWindows: DebugString: FoundDriverCount:4 
[2019.04.21-23.53.10:734][  0]LogD3D11RHI:     Adapter Name: NVIDIA GeForce GTX 1050 Ti
[2019.04.21-23.53.10:734][  0]LogD3D11RHI:   Driver Version: 419.67 (internal:25.21.14.1967, unified:419.67)
[2019.04.21-23.53.10:734][  0]LogD3D11RHI:      Driver Date: 3-17-2019
[2019.04.21-23.53.10:734][  0]LogRHI: Texture pool is 2812 MB (70% of 4018 MB)
[2019.04.21-23.53.10:776][  0]LogD3D11RHI: Async texture creation enabled
[2019.04.21-23.53.10:782][  0]LogRendererCore: FGlobalReadBuffer::InitRHI
[2019.04.21-23.53.10:782][  0]LogRendererCore: FGlobalReadBuffer::InitRHI
[2019.04.21-23.53.10:782][  0]LogRendererCore: FGlobalReadBuffer::InitRHI
[2019.04.21-23.53.10:790][  0]LogD3D11RHI: GPU Timing Frequency: 1000.000000 (Debug: 2 1)
[2019.04.21-23.53.10:792][  0]LogShaderLibrary: Display: Failed to load Shared Shader Library: Global and no native library supported.
[2019.04.21-23.53.10:792][  0]LogShaderLibrary: Display: Failed to load Shared Shader Library: Global_SC and no native library supported.
[2019.04.21-23.53.10:792][  0]LogShaderLibrary: Display: Failed to load Shared Shader Library: Paper2D and no native library supported.
[2019.04.21-23.53.10:792][  0]LogShaderLibrary: Display: Failed to load Shared Shader Library: Paper2D_SC and no native library supported.
[2019.04.21-23.53.10:792][  0]LogShaderLibrary: Display: Failed to load Shared Shader Library: Paper2D and no native library supported.
[2019.04.21-23.53.10:792][  0]LogShaderLibrary: Display: Failed to load Shared Shader Library: Paper2D_SC and no native library supported.
[2019.04.21-23.53.10:792][  0]LogShaderLibrary: Display: Failed to load Shared Shader Library: AnimationSharing and no native library supported.
[2019.04.21-23.53.10:792][  0]LogShaderLibrary: Display: Failed to load Shared Shader Library: AnimationSharing_SC and no native library supported.
[2019.04.21-23.53.10:792][  0]LogShaderLibrary: Display: Failed to load Shared Shader Library: AnimationSharing and no native library supported.
[2019.04.21-23.53.10:792][  0]LogShaderLibrary: Display: Failed to load Shared Shader Library: AnimationSharing_SC and no native library supported.
[2019.04.21-23.53.10:792][  0]LogShaderLibrary: Display: Failed to load Shared Shader Library: CryptoKeys and no native library supported.
[2019.04.21-23.53.10:793][  0]LogShaderLibrary: Display: Failed to load Shared Shader Library: CryptoKeys_SC and no native library supported.
[2019.04.21-23.53.10:793][  0]LogShaderLibrary: Display: Failed to load Shared Shader Library: CryptoKeys and no native library supported.
[2019.04.21-23.53.10:793][  0]LogShaderLibrary: Display: Failed to load Shared Shader Library: CryptoKeys_SC and no native library supported.
[2019.04.21-23.53.10:793][  0]LogShaderLibrary: Display: Failed to load Shared Shader Library: DatasmithContent and no native library supported.
[2019.04.21-23.53.10:793][  0]LogShaderLibrary: Display: Failed to load Shared Shader Library: DatasmithContent_SC and no native library supported.
[2019.04.21-23.53.10:793][  0]LogShaderLibrary: Display: Failed to load Shared Shader Library: DatasmithContent and no native library supported.
[2019.04.21-23.53.10:793][  0]LogShaderLibrary: Display: Failed to load Shared Shader Library: DatasmithContent_SC and no native library supported.
[2019.04.21-23.53.10:793][  0]LogShaderLibrary: Display: Failed to load Shared Shader Library: MediaCompositing and no native library supported.
[2019.04.21-23.53.10:793][  0]LogShaderLibrary: Display: Failed to load Shared Shader Library: MediaCompositing_SC and no native library supported.
[2019.04.21-23.53.10:793][  0]LogShaderLibrary: Display: Failed to load Shared Shader Library: MediaCompositing and no native library supported.
[2019.04.21-23.53.10:793][  0]LogShaderLibrary: Display: Failed to load Shared Shader Library: MediaCompositing_SC and no native library supported.
[2019.04.21-23.53.10:793][  0]LogShaderLibrary: Display: Failed to load Shared Shader Library: OculusVR and no native library supported.
[2019.04.21-23.53.10:793][  0]LogShaderLibrary: Display: Failed to load Shared Shader Library: OculusVR_SC and no native library supported.
[2019.04.21-23.53.10:793][  0]LogShaderLibrary: Display: Failed to load Shared Shader Library: OculusVR and no native library supported.
[2019.04.21-23.53.10:793][  0]LogShaderLibrary: Display: Failed to load Shared Shader Library: OculusVR_SC and no native library supported.
[2019.04.21-23.53.10:793][  0]LogShaderLibrary: Display: Failed to load Shared Shader Library: SteamVR and no native library supported.
[2019.04.21-23.53.10:793][  0]LogShaderLibrary: Display: Failed to load Shared Shader Library: SteamVR_SC and no native library supported.
[2019.04.21-23.53.10:793][  0]LogShaderLibrary: Display: Failed to load Shared Shader Library: SteamVR and no native library supported.
[2019.04.21-23.53.10:793][  0]LogShaderLibrary: Display: Failed to load Shared Shader Library: SteamVR_SC and no native library supported.
[2019.04.21-23.53.10:810][  0]LogMaterial: Verifying Global Shaders for PCD3D_SM5
[2019.04.21-23.53.10:834][  0]LogSlate: Using FreeType 2.6.0
[2019.04.21-23.53.10:841][  0]LogSlate: SlateFontServices - WITH_FREETYPE: 1, WITH_HARFBUZZ: 1
[2019.04.21-23.53.10:947][  0]LogShaderLibrary: Display: Failed to load Shared Shader Library: timeNox and no native library supported.
[2019.04.21-23.53.10:947][  0]LogShaderLibrary: Display: Failed to load Shared Shader Library: timeNox_SC and no native library supported.
[2019.04.21-23.53.10:947][  0]LogRHI: Display: Opened pipeline cache after state change and enqueued 0 of 0 tasks for precompile.
[2019.04.21-23.53.10:947][  0]LogShaderLibrary: Display: Failed to load Shared Shader Library: timeNox and no native library supported.
[2019.04.21-23.53.10:947][  0]LogShaderLibrary: Display: Failed to load Shared Shader Library: timeNox_SC and no native library supported.
[2019.04.21-23.53.10:947][  0]LogRHI: Display: Opened pipeline cache after state change and enqueued 0 of 0 tasks for precompile.
[2019.04.21-23.53.10:947][  0]LogRHI: Display: Failed to open default shader pipeline cache for timeNox using shader platform 0.
[2019.04.21-23.53.10:947][  0]LogInit: Using OS detected language (en-US).
[2019.04.21-23.53.10:947][  0]LogInit: Using OS detected locale (en-US).
[2019.04.21-23.53.10:947][  0]LogTextLocalizationManager: No localization for 'en-US' exists, so 'en' will be used for the language.
[2019.04.21-23.53.10:947][  0]LogTextLocalizationManager: No localization for 'en-US' exists, so 'en' will be used for the locale.
[2019.04.21-23.53.10:947][  0]LogSlate: FontCache flush requested. Reason: Culture for localization was changed
[2019.04.21-23.53.10:947][  0]LogSlate: FontCache flush requested. Reason: Culture for localization was changed
[2019.04.21-23.53.10:948][  0]LogTextLocalizationManager: Compacting localization data took   0.71ms
[2019.04.21-23.53.10:959][  0]LogAssetRegistry: FAssetRegistry took 0.0102 seconds to start up
[2019.04.21-23.53.11:047][  0]LogStreaming: Display: Flushing async loaders.
[2019.04.21-23.53.11:047][  0]LogPackageLocalizationCache: Processed 9 localized package path(s) for 1 prioritized culture(s) in 0.000072 seconds
[2019.04.21-23.53.11:059][  0]LogInit: Selected Device Profile: [WindowsNoEditor]
[2019.04.21-23.53.11:084][  0]LogNetVersion: timeNox 1.0.0, NetCL: 5660361, EngineNetVer: 10, GameNetVer: 0 (Checksum: 3670478835)
[2019.04.21-23.53.11:482][  0]LogMoviePlayer: Initializing movie player
[2019.04.21-23.53.11:483][  0]LogAndroidPermission: UAndroidPermissionCallbackProxy::GetInstance
[2019.04.21-23.53.11:483][  0]LogOcInput: OculusInput pre-init called
[2019.04.21-23.53.11:488][  0]LogUObjectArray: 37890 objects as part of root set at end of initial load.
[2019.04.21-23.53.11:488][  0]LogUObjectArray: 2 objects are not in the root set, but can never be destroyed because they are in the DisregardForGC set.
[2019.04.21-23.53.11:488][  0]LogUObjectAllocator: 5787536 out of 0 bytes used by permanent object pool.
[2019.04.21-23.53.11:488][  0]LogUObjectArray: CloseDisregardForGC: 37890/37890 objects in disregard for GC pool
[2019.04.21-23.53.11:566][  0]LogEngine: Initializing Engine...
[2019.04.21-23.53.11:568][  0]LogHMD: Failed to initialize OpenVR with code 110
[2019.04.21-23.53.11:579][  0]LogStats: UGameplayTagsManager::InitializeManager -  0.000 s
[2019.04.21-23.53.11:835][  0]LogInit: Initializing FReadOnlyCVARCache
[2019.04.21-23.53.11:835][  0]LogAudioMixer: Display: Audio Mixer Platform Settings:
[2019.04.21-23.53.11:835][  0]LogAudioMixer: Display: 	Sample Rate:						  48000
[2019.04.21-23.53.11:835][  0]LogAudioMixer: Display: 	Callback Buffer Frame Size Requested: 1024
[2019.04.21-23.53.11:835][  0]LogAudioMixer: Display: 	Callback Buffer Frame Size To Use:	  1024
[2019.04.21-23.53.11:835][  0]LogAudioMixer: Display: 	Number of buffers to queue:			  2
[2019.04.21-23.53.11:835][  0]LogAudioMixer: Display: 	Max Channels (voices):				  0
[2019.04.21-23.53.11:835][  0]LogAudioMixer: Display: 	Number of Async Source Workers:		  0
[2019.04.21-23.53.11:835][  0]LogAudioMixer: Display: Initializing audio mixer.
[2019.04.21-23.53.11:894][  0]LogAudioDebug: Display: Lib vorbis DLL was dynamically loaded.
[2019.04.21-23.53.11:910][  0]LogAudioMixer: Display: Audio Device Output Speaker Info:
[2019.04.21-23.53.11:910][  0]LogAudioMixer: Display: Name: Speakers (2- Wireless Stereo Headset)
[2019.04.21-23.53.11:910][  0]LogAudioMixer: Display: Is Default: Yes
[2019.04.21-23.53.11:910][  0]LogAudioMixer: Display: Sample Rate: 48000
[2019.04.21-23.53.11:910][  0]LogAudioMixer: Display: Channel Count Used: 2
[2019.04.21-23.53.11:910][  0]LogAudioMixer: Display: Device Channel Count: 2
[2019.04.21-23.53.11:910][  0]LogAudioMixer: Display: Channel Order:
[2019.04.21-23.53.11:910][  0]LogAudioMixer: Display: 0: FrontLeft
[2019.04.21-23.53.11:910][  0]LogAudioMixer: Display: 1: FrontRight
[2019.04.21-23.53.11:940][  0]LogInit: FAudioDevice initialized.
[2019.04.21-23.53.11:950][  0]LogNetVersion: Set ProjectVersion to 1.0.0.0. Version Checksum will be recalculated on next use.
[2019.04.21-23.53.11:950][  0]LogInit: Texture streaming: Enabled
[2019.04.21-23.53.11:958][  0]LogSlate: Updating window title bar state: overlay mode, drag disabled, window buttons hidden, title bar hidden
[2019.04.21-23.53.11:959][  0]LogInit: Display: Game Engine Initialized.
[2019.04.21-23.53.11:959][  0]LogInit: Display: Starting Game.
[2019.04.21-23.53.11:959][  0]LogNet: Browse: /Game/timeNox/Levels/MainMenu?Name=Player
[2019.04.21-23.53.11:962][  0]LogLoad: LoadMap: /Game/timeNox/Levels/MainMenu?Name=Player
[2019.04.21-23.53.12:002][  0]LogAudio: Warning: Waited 37.957119ms for audio thread.
[2019.04.21-23.53.12:008][  0]LogUObjectHash: Compacting FUObjectHashTables data took   1.70ms
[2019.04.21-23.53.12:049][  0]LogAIModule: Creating AISystem for world MainMenu
[2019.04.21-23.53.12:162][  0]LogLoad: Game class is 'BP_GameMode_C'
[2019.04.21-23.53.12:164][  0]LogWorld: Bringing World /Game/timeNox/Levels/MainMenu.MainMenu up for play (max tick rate 0) at 2019.04.21-16.53.12
[2019.04.21-23.53.12:164][  0]LogWorld: Bringing up level for play took: 0.000571
[2019.04.21-23.53.12:165][  0]LogGameMode: FindPlayerStart: PATHS NOT DEFINED or NO PLAYERSTART with positive rating
[2019.04.21-23.53.12:166][  0]LogGameMode: Display: Match State Changed from EnteringMap to WaitingToStart
[2019.04.21-23.53.12:166][  0]LogGameState: Match State Changed from EnteringMap to WaitingToStart
[2019.04.21-23.53.12:166][  0]LogGameMode: Display: Match State Changed from WaitingToStart to InProgress
[2019.04.21-23.53.12:168][  0]LogSlate: Updating window title bar state: overlay mode, drag disabled, window buttons hidden, title bar hidden
[2019.04.21-23.53.12:168][  0]LogUMG: Display: Widget Class WidMainMenu_C - Loaded Fast Template.
[2019.04.21-23.53.12:173][  0]LogPlayerController: Error: InputMode:UIOnly - Attempting to focus Non-Focusable widget SObjectWidget [Widget.cpp(710)]!
[2019.04.21-23.53.12:173][  0]LogGameState: Match State Changed from WaitingToStart to InProgress
[2019.04.21-23.53.12:173][  0]LogLoad: Took 0.210402 seconds to LoadMap(/Game/timeNox/Levels/MainMenu)
[2019.04.21-23.53.12:177][  0]LogSlate: Took 0.004187 seconds to synchronously load lazily loaded font '../../../timeNox/Content/timeNox/Widgets/magnificent_regular.ufont' (94K)
[2019.04.21-23.53.12:203][  0]LogRenderer: Reallocating scene render targets to support 1920x1080 Format 10 NumSamples 1 (Frame:1).
[2019.04.21-23.53.12:203][  0]LogLoad: (Engine Initialization) Total time: 2.53 seconds
[2019.04.21-23.53.12:248][  0]LogContentStreaming: Texture pool size now 1000 MB
[2019.04.21-23.53.12:425][  0]LogSlate: Slate font cache was flushed
[2019.04.21-23.53.12:428][  1]LogSlate: Took 0.000397 seconds to synchronously load lazily loaded font '../../../timeNox/Content/timeNox/Widgets/magnificent_regular.ufont' (94K)
[2019.04.21-23.53.14:254][114]LogSlate: FSceneViewport::OnFocusLost() reason 0
[2019.04.21-23.53.14:334][119]LogSlate: Updating window title bar state: overlay mode, drag disabled, window buttons hidden, title bar hidden
[2019.04.21-23.53.14:334][119]LogGameMode: Display: Match State Changed from InProgress to LeavingMap
[2019.04.21-23.53.14:334][119]LogGameState: Match State Changed from InProgress to LeavingMap
[2019.04.21-23.53.14:335][119]LogNet: Browse: /Game/timeNox/Levels/Level01
[2019.04.21-23.53.14:335][119]LogLoad: LoadMap: /Game/timeNox/Levels/Level01
[2019.04.21-23.53.14:378][119]LogUObjectHash: Compacting FUObjectHashTables data took   1.38ms
[2019.04.21-23.53.14:381][119]LogStreaming: Display: Flushing async loaders.
[2019.04.21-23.53.14:645][119]LogAIModule: Creating AISystem for world Level01
[2019.04.21-23.53.14:645][119]LogLoad: Game class is 'BP_GameMode_C'
[2019.04.21-23.53.14:647][119]LogWorld: Bringing World /Game/timeNox/Levels/Level01.Level01 up for play (max tick rate 0) at 2019.04.21-16.53.14
[2019.04.21-23.53.14:648][119]LogWorld: Bringing up level for play took: 0.001416
[2019.04.21-23.53.14:648][119]LogGameMode: Display: Match State Changed from EnteringMap to WaitingToStart
[2019.04.21-23.53.14:648][119]LogGameState: Match State Changed from EnteringMap to WaitingToStart
[2019.04.21-23.53.14:648][119]LogGameMode: Display: Match State Changed from WaitingToStart to InProgress
[2019.04.21-23.53.14:649][119]LogUMG: Display: Widget Class Text1_C - Loaded Fast Template.
[2019.04.21-23.53.14:650][119]LogUMG: Display: Widget Class Text_C - Loaded Fast Template.
[2019.04.21-23.53.14:650][119]LogGameState: Match State Changed from WaitingToStart to InProgress
[2019.04.21-23.53.14:650][119]LogLoad: Took 0.315531 seconds to LoadMap(/Game/timeNox/Levels/Level01)
[2019.04.21-23.53.14:655][119]LogSlate: Took 0.000366 seconds to synchronously load lazily loaded font '../../../timeNox/Content/timeNox/Widgets/magnificent_regular.ufont' (94K)
[2019.04.21-23.53.22:662][611]LogSlate: Took 0.003695 seconds to synchronously load lazily loaded font '../../../Engine/Content/EngineFonts/Faces/RobotoRegular.ufont' (155K)
[2019.04.21-23.53.24:466][721]Closing by request
[2019.04.21-23.53.24:466][721]LogWindows: FPlatformMisc::RequestExit(0)
[2019.04.21-23.53.24:466][721]LogSlate: FSceneViewport::OnFocusLost() reason 2
[2019.04.21-23.53.24:576][722]LogSlate: Request Window 'timeNox (64-bit Development PCD3D_SM5) ' being destroyed
[2019.04.21-23.53.24:605][722]LogSlate: Window 'timeNox (64-bit Development PCD3D_SM5) ' being destroyed
[2019.04.21-23.53.24:606][722]LogWindowsTextInputMethodSystem: Display: IME system now deactivated.
[2019.04.21-23.53.24:670][722]LogSlate: Slate User Destroyed.  User Index 0, Is Virtual User: 0
[2019.04.21-23.53.24:671][722]LogExit: Preparing to exit.
[2019.04.21-23.53.24:671][722]LogMoviePlayer: Shutting down movie player
[2019.04.21-23.53.24:675][722]LogSlate: Updating window title bar state: overlay mode, drag disabled, window buttons hidden, title bar hidden
[2019.04.21-23.53.24:677][722]LogExit: Game engine shut down
[2019.04.21-23.53.24:716][722]LogExit: Object subsystem successfully closed.
[2019.04.21-23.53.24:727][722]LogD3D11RHI: Shutdown
[2019.04.21-23.53.24:727][722]LogD3D11RHI: CleanupD3DDevice
[2019.04.21-23.53.24:727][722]LogRendererCore: FGlobalReadBuffer::ReleaseRHI
[2019.04.21-23.53.24:727][722]LogRendererCore: FGlobalDynamicReadBuffer::Cleanup()
[2019.04.21-23.53.24:727][722]LogRendererCore: FGlobalReadBuffer::ReleaseRHI
[2019.04.21-23.53.24:727][722]LogRendererCore: FGlobalDynamicReadBuffer::Cleanup()
[2019.04.21-23.53.24:727][722]LogRendererCore: FGlobalReadBuffer::ReleaseRHI
[2019.04.21-23.53.24:727][722]LogRendererCore: FGlobalDynamicReadBuffer::Cleanup()
[2019.04.21-23.53.24:769][722]LogD3D11RHI: ~FD3D11DynamicRHI
[2019.04.21-23.53.24:770][722]LogModuleManager: Shutting down and abandoning module AutomationController (206)
[2019.04.21-23.53.24:770][722]LogModuleManager: Shutting down and abandoning module AutomationWorker (204)
[2019.04.21-23.53.24:770][722]LogModuleManager: Shutting down and abandoning module Voice (202)
[2019.04.21-23.53.24:770][722]LogModuleManager: Shutting down and abandoning module AIModule (200)
[2019.04.21-23.53.24:770][722]LogModuleManager: Shutting down and abandoning module GameplayDebugger (199)
[2019.04.21-23.53.24:771][722]LogModuleManager: Shutting down and abandoning module NavigationSystem (197)
[2019.04.21-23.53.24:771][722]LogModuleManager: Shutting down and abandoning module OculusMR (194)
[2019.04.21-23.53.24:771][722]LogModuleManager: Shutting down and abandoning module WmfMediaFactory (192)
[2019.04.21-23.53.24:771][722]LogModuleManager: Shutting down and abandoning module WebMMediaFactory (190)
[2019.04.21-23.53.24:771][722]LogModuleManager: Shutting down and abandoning module WebMMedia (188)
[2019.04.21-23.53.24:771][722]LogModuleManager: Shutting down and abandoning module OpenExrWrapper (186)
[2019.04.21-23.53.24:771][722]LogModuleManager: Shutting down and abandoning module ImgMediaFactory (184)
[2019.04.21-23.53.24:771][722]LogModuleManager: Shutting down and abandoning module AvfMediaFactory (182)
[2019.04.21-23.53.24:771][722]LogModuleManager: Shutting down and abandoning module CharacterAI (180)
[2019.04.21-23.53.24:771][722]LogModuleManager: Shutting down and abandoning module SessionServices (178)
[2019.04.21-23.53.24:771][722]LogModuleManager: Shutting down and abandoning module LiveCoding (176)
[2019.04.21-23.53.24:771][722]LogModuleManager: Shutting down and abandoning module LevelSequence (174)
[2019.04.21-23.53.24:771][722]LogModuleManager: Shutting down and abandoning module MovieSceneTracks (172)
[2019.04.21-23.53.24:771][722]LogModuleManager: Shutting down and abandoning module MovieScene (170)
[2019.04.21-23.53.24:771][722]LogModuleManager: Shutting down and abandoning module StreamingPauseRendering (168)
[2019.04.21-23.53.24:771][722]LogModuleManager: Shutting down and abandoning module AudioMixerXAudio2 (166)
[2019.04.21-23.53.24:771][722]LogModuleManager: Shutting down and abandoning module ImageWriteQueue (164)
[2019.04.21-23.53.24:772][722]LogModuleManager: Shutting down and abandoning module ProfilerService (162)
[2019.04.21-23.53.25:016][722]LogModuleManager: Shutting down and abandoning module TaskGraph (160)
[2019.04.21-23.53.25:016][722]LogModuleManager: Shutting down and abandoning module SteamVRController (158)
[2019.04.21-23.53.25:016][722]LogModuleManager: Shutting down and abandoning module ProceduralMeshComponent (156)
[2019.04.21-23.53.25:016][722]LogModuleManager: Shutting down and abandoning module OculusInput (154)
[2019.04.21-23.53.25:016][722]LogModuleManager: Shutting down and abandoning module MobilePatchingUtils (152)
[2019.04.21-23.53.25:016][722]LogModuleManager: Shutting down and abandoning module EditableMesh (150)
[2019.04.21-23.53.25:016][722]LogModuleManager: Shutting down and abandoning module CustomMeshComponent (148)
[2019.04.21-23.53.25:016][722]LogModuleManager: Shutting down and abandoning module CableComponent (146)
[2019.04.21-23.53.25:016][722]LogModuleManager: Shutting down and abandoning module AudioCapture (144)
[2019.04.21-23.53.25:016][722]LogModuleManager: Shutting down and abandoning module ArchVisCharacter (142)
[2019.04.21-23.53.25:016][722]LogModuleManager: Shutting down and abandoning module AndroidPermission (140)
[2019.04.21-23.53.25:016][722]LogModuleManager: Shutting down and abandoning module MediaCompositing (138)
[2019.04.21-23.53.25:016][722]LogModuleManager: Shutting down and abandoning module LinearTimecode (136)
[2019.04.21-23.53.25:016][722]LogModuleManager: Shutting down and abandoning module ImgMedia (134)
[2019.04.21-23.53.25:016][722]LogModuleManager: Shutting down and abandoning module HTML5Networking (132)
[2019.04.21-23.53.25:016][722]LogModuleManager: Shutting down and abandoning module GeometryCacheTracks (130)
[2019.04.21-23.53.25:016][722]LogModuleManager: Shutting down and abandoning module GeometryCache (128)
[2019.04.21-23.53.25:016][722]LogModuleManager: Shutting down and abandoning module BackChannel (126)
[2019.04.21-23.53.25:016][722]LogModuleManager: Shutting down and abandoning module AppleVision (124)
[2019.04.21-23.53.25:016][722]LogModuleManager: Shutting down and abandoning module AppleImageUtils (122)
[2019.04.21-23.53.25:016][722]LogModuleManager: Shutting down and abandoning module VariantManagerContent (120)
[2019.04.21-23.53.25:016][722]LogModuleManager: Shutting down and abandoning module SignificanceManager (118)
[2019.04.21-23.53.25:016][722]LogModuleManager: Shutting down and abandoning module RuntimePhysXCooking (116)
[2019.04.21-23.53.25:016][722]LogModuleManager: Shutting down and abandoning module PhysXVehicles (114)
[2019.04.21-23.53.25:016][722]LogModuleManager: Shutting down and abandoning module LocationServicesBPLibrary (112)
[2019.04.21-23.53.25:016][722]LogModuleManager: Shutting down and abandoning module ActorSequence (110)
[2019.04.21-23.53.25:016][722]LogModuleManager: Shutting down and abandoning module UdpMessaging (108)
[2019.04.21-23.53.25:016][722]LogModuleManager: Shutting down and abandoning module TcpMessaging (106)
[2019.04.21-23.53.25:016][722]LogModuleManager: Shutting down and abandoning module FacialAnimation (104)
[2019.04.21-23.53.25:016][722]LogModuleManager: Shutting down and abandoning module AnimationSharing (102)
[2019.04.21-23.53.25:016][722]LogModuleManager: Shutting down and abandoning module LightPropagationVolumeRuntime (100)
[2019.04.21-23.53.25:016][722]LogModuleManager: Shutting down and abandoning module AISupportModule (98)
[2019.04.21-23.53.25:016][722]LogModuleManager: Shutting down and abandoning module Paper2D (96)
[2019.04.21-23.53.25:016][722]LogModuleManager: Shutting down and abandoning module WindowsMoviePlayer (94)
[2019.04.21-23.53.25:017][722]LogModuleManager: Shutting down and abandoning module WebMMoviePlayer (92)
[2019.04.21-23.53.25:017][722]LogModuleManager: Shutting down and abandoning module PacketHandler (90)
[2019.04.21-23.53.25:017][722]LogModuleManager: Shutting down and abandoning module ClothingSystemRuntime (88)
[2019.04.21-23.53.25:017][722]LogModuleManager: Shutting down and abandoning module MediaAssets (86)
[2019.04.21-23.53.25:017][722]LogModuleManager: Shutting down and abandoning module Overlay (84)
[2019.04.21-23.53.25:017][722]LogModuleManager: Shutting down and abandoning module UMG (82)
[2019.04.21-23.53.25:017][722]LogModuleManager: Shutting down and abandoning module SlateReflector (80)
[2019.04.21-23.53.25:017][722]LogModuleManager: Shutting down and abandoning module Slate (78)
[2019.04.21-23.53.25:017][722]LogModuleManager: Shutting down and abandoning module MRMesh (76)
[2019.04.21-23.53.25:017][722]LogModuleManager: Shutting down and abandoning module Messaging (74)
[2019.04.21-23.53.25:017][722]LogModuleManager: Shutting down and abandoning module HeadMountedDisplay (72)
[2019.04.21-23.53.25:017][722]LogModuleManager: Shutting down and abandoning module XAudio2 (70)
[2019.04.21-23.53.25:017][722]LogModuleManager: Shutting down and abandoning module Networking (68)
[2019.04.21-23.53.25:017][722]LogModuleManager: Shutting down and abandoning module Core (66)
[2019.04.21-23.53.25:017][722]LogModuleManager: Shutting down and abandoning module ImageWrapper (62)
[2019.04.21-23.53.25:017][722]LogModuleManager: Shutting down and abandoning module InputCore (60)
[2019.04.21-23.53.25:017][722]LogModuleManager: Shutting down and abandoning module PhysXCooking (58)
[2019.04.21-23.53.25:017][722]LogModuleManager: Shutting down and abandoning module SteamVR (56)
[2019.04.21-23.53.25:017][722]LogHMD: Freeing OpenVRDLLHandle.
[2019.04.21-23.53.25:017][722]LogModuleManager: Shutting down and abandoning module OculusHMD (54)
[2019.04.21-23.53.25:017][722]LogModuleManager: Shutting down and abandoning module ExampleDeviceProfileSelector (52)
[2019.04.21-23.53.25:017][722]LogModuleManager: Shutting down and abandoning module LauncherChunkInstaller (50)
[2019.04.21-23.53.25:017][722]LogModuleManager: Shutting down and abandoning module OnlineSubsystem (46)
[2019.04.21-23.53.25:017][722]LogModuleManager: Shutting down and abandoning module HTTP (41)
[2019.04.21-23.53.25:025][722]LogModuleManager: Shutting down and abandoning module SSL (40)
[2019.04.21-23.53.25:025][722]LogModuleManager: Shutting down and abandoning module WmfMedia (36)
[2019.04.21-23.53.25:026][722]LogModuleManager: Shutting down and abandoning module Media (35)
[2019.04.21-23.53.25:032][722]LogModuleManager: Shutting down and abandoning module DatasmithContent (32)
[2019.04.21-23.53.25:032][722]LogModuleManager: Shutting down and abandoning module RenderCore (30)
[2019.04.21-23.53.25:032][722]LogModuleManager: Shutting down and abandoning module Landscape (28)
[2019.04.21-23.53.25:032][722]LogModuleManager: Shutting down and abandoning module SlateRHIRenderer (26)
[2019.04.21-23.53.25:032][722]LogModuleManager: Shutting down and abandoning module OpenGLDrv (24)
[2019.04.21-23.53.25:032][722]LogModuleManager: Shutting down and abandoning module D3D11RHI (22)
[2019.04.21-23.53.25:032][722]LogModuleManager: Shutting down and abandoning module AnimGraphRuntime (20)
[2019.04.21-23.53.25:032][722]LogModuleManager: Shutting down and abandoning module Renderer (18)
[2019.04.21-23.53.25:032][722]LogModuleManager: Shutting down and abandoning module Engine (16)
[2019.04.21-23.53.25:032][722]LogModuleManager: Shutting down and abandoning module CoreUObject (14)
[2019.04.21-23.53.25:032][722]LogModuleManager: Shutting down and abandoning module NetworkFile (12)
[2019.04.21-23.53.25:033][722]LogModuleManager: Shutting down and abandoning module CookedIterativeFile (10)
[2019.04.21-23.53.25:033][722]LogModuleManager: Shutting down and abandoning module StreamingFile (8)
[2019.04.21-23.53.25:033][722]LogModuleManager: Shutting down and abandoning module SandboxFile (6)
[2019.04.21-23.53.25:033][722]LogModuleManager: Shutting down and abandoning module PakFile (4)
[2019.04.21-23.53.25:033][722]LogModuleManager: Shutting down and abandoning module RSA (3)
[2019.04.21-23.53.25:034][722]LogExit: Exiting.
[2019.04.21-23.53.25:048][722]Log file closed, 04/21/19 16:53:25
